# JRE version: OpenJDK Runtime Environment (17.0.10) (build 17.0.10+0--11609105)
# Java VM: OpenJDK 64-Bit Server VM (17.0.10+0--11609105, mixed mode, tiered, compressed oops, compressed class ptrs, g1 gc, windows-amd64)
GC Precious Log:
 CPUs: 12 total, 12 available
 Memory: 7916M
 Large Page Support: Disabled
 NUMA Support: Disabled
 Compressed Oops: Enabled (32-bit)
 Heap Region Size: 1M
 Heap Min Capacity: 8M
 Heap Initial Capacity: 124M
 Heap Max Capacity: 2G
 Pre-touch: Disabled
 Parallel Workers: 10
 Concurrent Workers: 3
 Concurrent Refinement Workers: 10
 Periodic GC: Disabled
Heap:
 garbage-first heap   total 225280K, used 122897K [0x0000000080000000, 0x0000000100000000)
  region size 1024K, 6 young (6144K), 6 survivors (6144K)
 Metaspace       used 111361K, committed 112192K, reserved 1179648K
  class space    used 15318K, committed 15680K, reserved 1048576K
GC Heap History (20 events):
Event: 10.762 GC heap after
{Heap after GC invocations=31 (full 0):
 garbage-first heap   total 225280K, used 91618K [0x0000000080000000, 0x0000000100000000)
  region size 1024K, 4 young (4096K), 4 survivors (4096K)
 Metaspace       used 91853K, committed 92544K, reserved 1179648K
  class space    used 12697K, committed 13056K, reserved 1048576K
}
Event: 11.788 GC heap before
{Heap before GC invocations=31 (full 0):
 garbage-first heap   total 225280K, used 183778K [0x0000000080000000, 0x0000000100000000)
  region size 1024K, 94 young (96256K), 4 survivors (4096K)
 Metaspace       used 98233K, committed 99008K, reserved 1179648K
  class space    used 13606K, committed 13952K, reserved 1048576K
}
Event: 11.795 GC heap after
{Heap after GC invocations=32 (full 0):
 garbage-first heap   total 225280K, used 96491K [0x0000000080000000, 0x0000000100000000)
  region size 1024K, 9 young (9216K), 9 survivors (9216K)
 Metaspace       used 98233K, committed 99008K, reserved 1179648K
  class space    used 13606K, committed 13952K, reserved 1048576K
}
Event: 12.663 GC heap before
{Heap before GC invocations=32 (full 0):
 garbage-first heap   total 225280K, used 187627K [0x0000000080000000, 0x0000000100000000)
  region size 1024K, 94 young (96256K), 9 survivors (9216K)
 Metaspace       used 104856K, committed 105600K, reserved 1179648K
  class space    used 14420K, committed 14784K, reserved 1048576K
}
Event: 12.674 GC heap after
{Heap after GC invocations=33 (full 0):
 garbage-first heap   total 225280K, used 103904K [0x0000000080000000, 0x0000000100000000)
  region size 1024K, 12 young (12288K), 12 survivors (12288K)
 Metaspace       used 104856K, committed 105600K, reserved 1179648K
  class space    used 14420K, committed 14784K, reserved 1048576K
}
Event: 13.100 GC heap before
{Heap before GC invocations=33 (full 0):
 garbage-first heap   total 225280K, used 182752K [0x0000000080000000, 0x0000000100000000)
  region size 1024K, 90 young (92160K), 12 survivors (12288K)
 Metaspace       used 106541K, committed 107328K, reserved 1179648K
  class space    used 14688K, committed 15040K, reserved 1048576K
}
Event: 13.112 GC heap after
{Heap after GC invocations=34 (full 0):
 garbage-first heap   total 225280K, used 111340K [0x0000000080000000, 0x0000000100000000)
  region size 1024K, 8 young (8192K), 8 survivors (8192K)
 Metaspace       used 106541K, committed 107328K, reserved 1179648K
  class space    used 14688K, committed 15040K, reserved 1048576K
}
Event: 13.425 GC heap before
{Heap before GC invocations=34 (full 0):
 garbage-first heap   total 225280K, used 183020K [0x0000000080000000, 0x0000000100000000)
  region size 1024K, 79 young (80896K), 8 survivors (8192K)
 Metaspace       used 107170K, committed 107904K, reserved 1179648K
  class space    used 14793K, committed 15168K, reserved 1048576K
}
Event: 13.431 GC heap after
{Heap after GC invocations=35 (full 0):
 garbage-first heap   total 225280K, used 114135K [0x0000000080000000, 0x0000000100000000)
  region size 1024K, 6 young (6144K), 6 survivors (6144K)
 Metaspace       used 107170K, committed 107904K, reserved 1179648K
  class space    used 14793K, committed 15168K, reserved 1048576K
}
Event: 13.815 GC heap before
{Heap before GC invocations=36 (full 0):
 garbage-first heap   total 225280K, used 183767K [0x0000000080000000, 0x0000000100000000)
  region size 1024K, 75 young (76800K), 6 survivors (6144K)
 Metaspace       used 107442K, committed 108224K, reserved 1179648K
  class space    used 14806K, committed 15168K, reserved 1048576K
}
Event: 13.821 GC heap after
{Heap after GC invocations=37 (full 0):
 garbage-first heap   total 225280K, used 117028K [0x0000000080000000, 0x0000000100000000)
  region size 1024K, 8 young (8192K), 8 survivors (8192K)
 Metaspace       used 107442K, committed 108224K, reserved 1179648K
  class space    used 14806K, committed 15168K, reserved 1048576K
}
Event: 13.828 GC heap before
{Heap before GC invocations=37 (full 0):
 garbage-first heap   total 225280K, used 119076K [0x0000000080000000, 0x0000000100000000)
  region size 1024K, 11 young (11264K), 8 survivors (8192K)
 Metaspace       used 107442K, committed 108224K, reserved 1179648K
  class space    used 14806K, committed 15168K, reserved 1048576K
}
Event: 13.832 GC heap after
{Heap after GC invocations=38 (full 0):
 garbage-first heap   total 225280K, used 115285K [0x0000000080000000, 0x0000000100000000)
  region size 1024K, 2 young (2048K), 2 survivors (2048K)
 Metaspace       used 107442K, committed 108224K, reserved 1179648K
  class space    used 14806K, committed 15168K, reserved 1048576K
}
Event: 14.170 GC heap before
{Heap before GC invocations=38 (full 0):
 garbage-first heap   total 225280K, used 184917K [0x0000000080000000, 0x0000000100000000)
  region size 1024K, 71 young (72704K), 2 survivors (2048K)
 Metaspace       used 108017K, committed 108864K, reserved 1179648K
  class space    used 14908K, committed 15296K, reserved 1048576K
}
Event: 14.174 GC heap after
{Heap after GC invocations=39 (full 0):
 garbage-first heap   total 225280K, used 117928K [0x0000000080000000, 0x0000000100000000)
  region size 1024K, 5 young (5120K), 5 survivors (5120K)
 Metaspace       used 108017K, committed 108864K, reserved 1179648K
  class space    used 14908K, committed 15296K, reserved 1048576K
}
Event: 14.588 GC heap before
{Heap before GC invocations=40 (full 0):
 garbage-first heap   total 225280K, used 184488K [0x0000000080000000, 0x0000000100000000)
  region size 1024K, 71 young (72704K), 5 survivors (5120K)
 Metaspace       used 108809K, committed 109568K, reserved 1179648K
  class space    used 15002K, committed 15360K, reserved 1048576K
}
Event: 14.592 GC heap after
{Heap after GC invocations=41 (full 0):
 garbage-first heap   total 225280K, used 119185K [0x0000000080000000, 0x0000000100000000)
  region size 1024K, 6 young (6144K), 6 survivors (6144K)
 Metaspace       used 108809K, committed 109568K, reserved 1179648K
  class space    used 15002K, committed 15360K, reserved 1048576K
}
Event: 14.657 GC heap before
{Heap before GC invocations=41 (full 0):
 garbage-first heap   total 225280K, used 124305K [0x0000000080000000, 0x0000000100000000)
  region size 1024K, 11 young (11264K), 6 survivors (6144K)
 Metaspace       used 109233K, committed 110016K, reserved 1179648K
  class space    used 15057K, committed 15424K, reserved 1048576K
}
Event: 14.662 GC heap after
{Heap after GC invocations=42 (full 0):
 garbage-first heap   total 225280K, used 118231K [0x0000000080000000, 0x0000000100000000)
  region size 1024K, 2 young (2048K), 2 survivors (2048K)
 Metaspace       used 109233K, committed 110016K, reserved 1179648K
  class space    used 15057K, committed 15424K, reserved 1048576K
}
Event: 14.992 GC heap before
{Heap before GC invocations=42 (full 0):
 garbage-first heap   total 225280K, used 184791K [0x0000000080000000, 0x0000000100000000)
  region size 1024K, 68 young (69632K), 2 survivors (2048K)
 Metaspace       used 111361K, committed 112192K, reserved 1179648K
  class space    used 15318K, committed 15680K, reserved 1048576K
}

