# JRE version: OpenJDK Runtime Environment (17.0.10) (build 17.0.10+0--11609105)
# Java VM: OpenJDK 64-Bit Server VM (17.0.10+0--11609105, mixed mode, tiered, compressed oops, compressed class ptrs, g1 gc, windows-amd64)
GC Precious Log:
 CPUs: 12 total, 12 available
 Memory: 7916M
 Large Page Support: Disabled
 NUMA Support: Disabled
 Compressed Oops: Enabled (32-bit)
 Heap Region Size: 1M
 Heap Min Capacity: 8M
 Heap Initial Capacity: 124M
 Heap Max Capacity: 2G
 Pre-touch: Disabled
 Parallel Workers: 10
 Concurrent Workers: 3
 Concurrent Refinement Workers: 10
 Periodic GC: Disabled
Heap:
 garbage-first heap   total 327680K, used 194280K [0x0000000080000000, 0x0000000100000000)
  region size 1024K, 11 young (11264K), 11 survivors (11264K)
 Metaspace       used 187712K, committed 188736K, reserved 1245184K
  class space    used 24571K, committed 25024K, reserved 1048576K
GC Heap History (20 events):
Event: 26.467 GC heap after
{Heap after GC invocations=54 (full 0):
 garbage-first heap   total 283648K, used 165975K [0x0000000080000000, 0x0000000100000000)
  region size 1024K, 7 young (7168K), 7 survivors (7168K)
 Metaspace       used 173139K, committed 174016K, reserved 1245184K
  class space    used 22614K, committed 23040K, reserved 1048576K
}
Event: 26.507 GC heap before
{Heap before GC invocations=54 (full 0):
 garbage-first heap   total 283648K, used 171095K [0x0000000080000000, 0x0000000100000000)
  region size 1024K, 13 young (13312K), 7 survivors (7168K)
 Metaspace       used 173160K, committed 174016K, reserved 1245184K
  class space    used 22617K, committed 23040K, reserved 1048576K
}
Event: 26.515 GC heap after
{Heap after GC invocations=55 (full 0):
 garbage-first heap   total 283648K, used 163910K [0x0000000080000000, 0x0000000100000000)
  region size 1024K, 2 young (2048K), 2 survivors (2048K)
 Metaspace       used 173160K, committed 174016K, reserved 1245184K
  class space    used 22617K, committed 23040K, reserved 1048576K
}
Event: 27.060 GC heap before
{Heap before GC invocations=55 (full 0):
 garbage-first heap   total 283648K, used 237638K [0x0000000080000000, 0x0000000100000000)
  region size 1024K, 75 young (76800K), 2 survivors (2048K)
 Metaspace       used 174454K, committed 175360K, reserved 1245184K
  class space    used 22805K, committed 23232K, reserved 1048576K
}
Event: 27.066 GC heap after
{Heap after GC invocations=56 (full 0):
 garbage-first heap   total 283648K, used 166272K [0x0000000080000000, 0x0000000100000000)
  region size 1024K, 5 young (5120K), 5 survivors (5120K)
 Metaspace       used 174454K, committed 175360K, reserved 1245184K
  class space    used 22805K, committed 23232K, reserved 1048576K
}
Event: 27.511 GC heap before
{Heap before GC invocations=56 (full 0):
 garbage-first heap   total 283648K, used 236928K [0x0000000080000000, 0x0000000100000000)
  region size 1024K, 75 young (76800K), 5 survivors (5120K)
 Metaspace       used 176294K, committed 177152K, reserved 1245184K
  class space    used 23041K, committed 23424K, reserved 1048576K
}
Event: 27.518 GC heap after
{Heap after GC invocations=57 (full 0):
 garbage-first heap   total 283648K, used 170275K [0x0000000080000000, 0x0000000100000000)
  region size 1024K, 9 young (9216K), 9 survivors (9216K)
 Metaspace       used 176294K, committed 177152K, reserved 1245184K
  class space    used 23041K, committed 23424K, reserved 1048576K
}
Event: 34.448 GC heap before
{Heap before GC invocations=57 (full 0):
 garbage-first heap   total 283648K, used 236835K [0x0000000080000000, 0x0000000100000000)
  region size 1024K, 75 young (76800K), 9 survivors (9216K)
 Metaspace       used 177657K, committed 178560K, reserved 1245184K
  class space    used 23241K, committed 23680K, reserved 1048576K
}
Event: 34.457 GC heap after
{Heap after GC invocations=58 (full 0):
 garbage-first heap   total 283648K, used 172241K [0x0000000080000000, 0x0000000100000000)
  region size 1024K, 5 young (5120K), 5 survivors (5120K)
 Metaspace       used 177657K, committed 178560K, reserved 1245184K
  class space    used 23241K, committed 23680K, reserved 1048576K
}
Event: 41.641 GC heap before
{Heap before GC invocations=59 (full 0):
 garbage-first heap   total 302080K, used 236753K [0x0000000080000000, 0x0000000100000000)
  region size 1024K, 69 young (70656K), 5 survivors (5120K)
 Metaspace       used 182245K, committed 183232K, reserved 1245184K
  class space    used 23906K, committed 24384K, reserved 1048576K
}
Event: 41.666 GC heap after
{Heap after GC invocations=60 (full 0):
 garbage-first heap   total 302080K, used 179399K [0x0000000080000000, 0x0000000100000000)
  region size 1024K, 9 young (9216K), 9 survivors (9216K)
 Metaspace       used 182245K, committed 183232K, reserved 1245184K
  class space    used 23906K, committed 24384K, reserved 1048576K
}
Event: 41.720 GC heap before
{Heap before GC invocations=60 (full 0):
 garbage-first heap   total 302080K, used 183495K [0x0000000080000000, 0x0000000100000000)
  region size 1024K, 14 young (14336K), 9 survivors (9216K)
 Metaspace       used 183222K, committed 184128K, reserved 1245184K
  class space    used 24013K, committed 24448K, reserved 1048576K
}
Event: 41.777 GC heap after
{Heap after GC invocations=61 (full 0):
 garbage-first heap   total 302080K, used 177978K [0x0000000080000000, 0x0000000100000000)
  region size 1024K, 1 young (1024K), 1 survivors (1024K)
 Metaspace       used 183222K, committed 184128K, reserved 1245184K
  class space    used 24013K, committed 24448K, reserved 1048576K
}
Event: 41.940 GC heap before
{Heap before GC invocations=61 (full 0):
 garbage-first heap   total 302080K, used 189242K [0x0000000080000000, 0x0000000100000000)
  region size 1024K, 13 young (13312K), 1 survivors (1024K)
 Metaspace       used 185395K, committed 186368K, reserved 1245184K
  class space    used 24254K, committed 24704K, reserved 1048576K
}
Event: 41.944 GC heap after
{Heap after GC invocations=62 (full 0):
 garbage-first heap   total 302080K, used 179097K [0x0000000080000000, 0x0000000100000000)
  region size 1024K, 3 young (3072K), 3 survivors (3072K)
 Metaspace       used 185395K, committed 186368K, reserved 1245184K
  class space    used 24254K, committed 24704K, reserved 1048576K
}
Event: 42.833 GC heap before
{Heap before GC invocations=63 (full 0):
 garbage-first heap   total 327680K, used 254873K [0x0000000080000000, 0x0000000100000000)
  region size 1024K, 76 young (77824K), 3 survivors (3072K)
 Metaspace       used 187179K, committed 188160K, reserved 1245184K
  class space    used 24491K, committed 24960K, reserved 1048576K
}
Event: 42.840 GC heap after
{Heap after GC invocations=64 (full 0):
 garbage-first heap   total 327680K, used 188208K [0x0000000080000000, 0x0000000100000000)
  region size 1024K, 9 young (9216K), 9 survivors (9216K)
 Metaspace       used 187179K, committed 188160K, reserved 1245184K
  class space    used 24491K, committed 24960K, reserved 1048576K
}
Event: 42.865 GC heap before
{Heap before GC invocations=64 (full 0):
 garbage-first heap   total 327680K, used 194352K [0x0000000080000000, 0x0000000100000000)
  region size 1024K, 16 young (16384K), 9 survivors (9216K)
 Metaspace       used 187179K, committed 188160K, reserved 1245184K
  class space    used 24491K, committed 24960K, reserved 1048576K
}
Event: 42.888 GC heap after
{Heap after GC invocations=65 (full 0):
 garbage-first heap   total 327680K, used 185933K [0x0000000080000000, 0x0000000100000000)
  region size 1024K, 2 young (2048K), 2 survivors (2048K)
 Metaspace       used 187179K, committed 188160K, reserved 1245184K
  class space    used 24491K, committed 24960K, reserved 1048576K
}
Event: 43.504 GC heap before
{Heap before GC invocations=65 (full 0):
 garbage-first heap   total 327680K, used 263757K [0x0000000080000000, 0x0000000100000000)
  region size 1024K, 80 young (81920K), 2 survivors (2048K)
 Metaspace       used 187712K, committed 188736K, reserved 1245184K
  class space    used 24571K, committed 25024K, reserved 1048576K
}

