# JRE version: OpenJDK Runtime Environment (17.0.10) (build 17.0.10+0--11609105)
# Java VM: OpenJDK 64-Bit Server VM (17.0.10+0--11609105, mixed mode, tiered, compressed oops, compressed class ptrs, g1 gc, windows-amd64)
GC Precious Log:
 CPUs: 12 total, 12 available
 Memory: 7916M
 Large Page Support: Disabled
 NUMA Support: Disabled
 Compressed Oops: Enabled (32-bit)
 Heap Region Size: 1M
 Heap Min Capacity: 8M
 Heap Initial Capacity: 124M
 Heap Max Capacity: 2G
 Pre-touch: Disabled
 Parallel Workers: 10
 Concurrent Workers: 3
 Concurrent Refinement Workers: 10
 Periodic GC: Disabled
Heap:
 garbage-first heap   total 362496K, used 172231K [0x0000000080000000, 0x0000000100000000)
  region size 1024K, 11 young (11264K), 11 survivors (11264K)
 Metaspace       used 167247K, committed 168768K, reserved 1245184K
  class space    used 22614K, committed 23360K, reserved 1048576K
GC Heap History (20 events):
Event: 847.218 GC heap after
{Heap after GC invocations=67 (full 0):
 garbage-first heap   total 362496K, used 177819K [0x0000000080000000, 0x0000000100000000)
  region size 1024K, 2 young (2048K), 2 survivors (2048K)
 Metaspace       used 160593K, committed 161856K, reserved 1245184K
  class space    used 21817K, committed 22400K, reserved 1048576K
}
Event: 848.893 GC heap before
{Heap before GC invocations=67 (full 0):
 garbage-first heap   total 362496K, used 288411K [0x0000000080000000, 0x0000000100000000)
  region size 1024K, 112 young (114688K), 2 survivors (2048K)
 Metaspace       used 164884K, committed 166080K, reserved 1245184K
  class space    used 22460K, committed 23040K, reserved 1048576K
}
Event: 848.908 GC heap after
{Heap after GC invocations=68 (full 0):
 garbage-first heap   total 362496K, used 183308K [0x0000000080000000, 0x0000000100000000)
  region size 1024K, 8 young (8192K), 8 survivors (8192K)
 Metaspace       used 164884K, committed 166080K, reserved 1245184K
  class space    used 22460K, committed 23040K, reserved 1048576K
}
Event: 901.355 GC heap before
{Heap before GC invocations=69 (full 0):
 garbage-first heap   total 362496K, used 310641K [0x0000000080000000, 0x0000000100000000)
  region size 1024K, 116 young (118784K), 8 survivors (8192K)
 Metaspace       used 165461K, committed 166784K, reserved 1245184K
  class space    used 22468K, committed 23104K, reserved 1048576K
}
Event: 901.376 GC heap after
{Heap after GC invocations=70 (full 0):
 garbage-first heap   total 362496K, used 189271K [0x0000000080000000, 0x0000000100000000)
  region size 1024K, 14 young (14336K), 14 survivors (14336K)
 Metaspace       used 165461K, committed 166784K, reserved 1245184K
  class space    used 22468K, committed 23104K, reserved 1048576K
}
Event: 901.417 GC heap before
{Heap before GC invocations=70 (full 0):
 garbage-first heap   total 362496K, used 192343K [0x0000000080000000, 0x0000000100000000)
  region size 1024K, 17 young (17408K), 14 survivors (14336K)
 Metaspace       used 165464K, committed 166784K, reserved 1245184K
  class space    used 22468K, committed 23104K, reserved 1048576K
}
Event: 901.440 GC heap after
{Heap after GC invocations=71 (full 0):
 garbage-first heap   total 362496K, used 178121K [0x0000000080000000, 0x0000000100000000)
  region size 1024K, 3 young (3072K), 3 survivors (3072K)
 Metaspace       used 165464K, committed 166784K, reserved 1245184K
  class space    used 22468K, committed 23104K, reserved 1048576K
}
Event: 986.279 GC heap before
{Heap before GC invocations=71 (full 0):
 garbage-first heap   total 362496K, used 293833K [0x0000000080000000, 0x0000000100000000)
  region size 1024K, 116 young (118784K), 3 survivors (3072K)
 Metaspace       used 165629K, committed 166912K, reserved 1245184K
  class space    used 22473K, committed 23104K, reserved 1048576K
}
Event: 986.306 GC heap after
{Heap after GC invocations=72 (full 0):
 garbage-first heap   total 362496K, used 184831K [0x0000000080000000, 0x0000000100000000)
  region size 1024K, 9 young (9216K), 9 survivors (9216K)
 Metaspace       used 165629K, committed 166912K, reserved 1245184K
  class space    used 22473K, committed 23104K, reserved 1048576K
}
Event: 987.357 GC heap before
{Heap before GC invocations=73 (full 0):
 garbage-first heap   total 362496K, used 291327K [0x0000000080000000, 0x0000000100000000)
  region size 1024K, 118 young (120832K), 9 survivors (9216K)
 Metaspace       used 165956K, committed 167296K, reserved 1245184K
  class space    used 22489K, committed 23104K, reserved 1048576K
}
Event: 987.378 GC heap after
{Heap after GC invocations=74 (full 0):
 garbage-first heap   total 362496K, used 191004K [0x0000000080000000, 0x0000000100000000)
  region size 1024K, 11 young (11264K), 11 survivors (11264K)
 Metaspace       used 165956K, committed 167296K, reserved 1245184K
  class space    used 22489K, committed 23104K, reserved 1048576K
}
Event: 988.550 GC heap before
{Heap before GC invocations=74 (full 0):
 garbage-first heap   total 362496K, used 196124K [0x0000000080000000, 0x0000000100000000)
  region size 1024K, 17 young (17408K), 11 survivors (11264K)
 Metaspace       used 165988K, committed 167296K, reserved 1245184K
  class space    used 22489K, committed 23104K, reserved 1048576K
}
Event: 988.669 GC heap after
{Heap after GC invocations=75 (full 0):
 garbage-first heap   total 362496K, used 168956K [0x0000000080000000, 0x0000000100000000)
  region size 1024K, 2 young (2048K), 2 survivors (2048K)
 Metaspace       used 165988K, committed 167296K, reserved 1245184K
  class space    used 22489K, committed 23104K, reserved 1048576K
}
Event: 990.797 GC heap before
{Heap before GC invocations=75 (full 0):
 garbage-first heap   total 362496K, used 203772K [0x0000000080000000, 0x0000000100000000)
  region size 1024K, 38 young (38912K), 2 survivors (2048K)
 Metaspace       used 166435K, committed 167872K, reserved 1245184K
  class space    used 22576K, committed 23296K, reserved 1048576K
}
Event: 990.802 GC heap after
{Heap after GC invocations=76 (full 0):
 garbage-first heap   total 362496K, used 170327K [0x0000000080000000, 0x0000000100000000)
  region size 1024K, 4 young (4096K), 4 survivors (4096K)
 Metaspace       used 166435K, committed 167872K, reserved 1245184K
  class space    used 22576K, committed 23296K, reserved 1048576K
}
Event: 1339.349 GC heap before
{Heap before GC invocations=77 (full 0):
 garbage-first heap   total 362496K, used 309296K [0x0000000080000000, 0x0000000100000000)
  region size 1024K, 125 young (128000K), 4 survivors (4096K)
 Metaspace       used 166916K, committed 168320K, reserved 1245184K
  class space    used 22578K, committed 23296K, reserved 1048576K
}
Event: 1339.374 GC heap after
{Heap after GC invocations=78 (full 0):
 garbage-first heap   total 362496K, used 176599K [0x0000000080000000, 0x0000000100000000)
  region size 1024K, 12 young (12288K), 12 survivors (12288K)
 Metaspace       used 166916K, committed 168320K, reserved 1245184K
  class space    used 22578K, committed 23296K, reserved 1048576K
}
Event: 1339.435 GC heap before
{Heap before GC invocations=78 (full 0):
 garbage-first heap   total 362496K, used 181719K [0x0000000080000000, 0x0000000100000000)
  region size 1024K, 17 young (17408K), 12 survivors (12288K)
 Metaspace       used 166922K, committed 168384K, reserved 1245184K
  class space    used 22578K, committed 23296K, reserved 1048576K
}
Event: 1339.479 GC heap after
{Heap after GC invocations=79 (full 0):
 garbage-first heap   total 362496K, used 163605K [0x0000000080000000, 0x0000000100000000)
  region size 1024K, 3 young (3072K), 3 survivors (3072K)
 Metaspace       used 166922K, committed 168384K, reserved 1245184K
  class space    used 22578K, committed 23296K, reserved 1048576K
}
Event: 1526.492 GC heap before
{Heap before GC invocations=79 (full 0):
 garbage-first heap   total 362496K, used 291605K [0x0000000080000000, 0x0000000100000000)
  region size 1024K, 128 young (131072K), 3 survivors (3072K)
 Metaspace       used 167247K, committed 168768K, reserved 1245184K
  class space    used 22614K, committed 23360K, reserved 1048576K
}

