# JRE version: OpenJDK Runtime Environment (17.0.10) (build 17.0.10+0--11609105)
# Java VM: OpenJDK 64-Bit Server VM (17.0.10+0--11609105, mixed mode, tiered, compressed oops, compressed class ptrs, g1 gc, windows-amd64)
GC Precious Log:
 CPUs: 12 total, 12 available
 Memory: 7916M
 Large Page Support: Disabled
 NUMA Support: Disabled
 Compressed Oops: Enabled (32-bit)
 Heap Region Size: 1M
 Heap Min Capacity: 8M
 Heap Initial Capacity: 124M
 Heap Max Capacity: 2G
 Pre-touch: Disabled
 Parallel Workers: 10
 Concurrent Workers: 3
 Concurrent Refinement Workers: 10
 Periodic GC: Disabled
Heap:
 garbage-first heap   total 447488K, used 330562K [0x0000000080000000, 0x0000000100000000)
  region size 1024K, 53 young (54272K), 12 survivors (12288K)
 Metaspace       used 148047K, committed 149248K, reserved 1179648K
  class space    used 19709K, committed 20288K, reserved 1048576K
GC Heap History (20 events):
Event: 22.363 GC heap before
{Heap before GC invocations=46 (full 0):
 garbage-first heap   total 222208K, used 183337K [0x0000000080000000, 0x0000000100000000)
  region size 1024K, 65 young (66560K), 2 survivors (2048K)
 Metaspace       used 115132K, committed 115968K, reserved 1179648K
  class space    used 15752K, committed 16192K, reserved 1048576K
}
Event: 22.370 GC heap after
{Heap after GC invocations=47 (full 0):
 garbage-first heap   total 447488K, used 122562K [0x0000000080000000, 0x0000000100000000)
  region size 1024K, 5 young (5120K), 5 survivors (5120K)
 Metaspace       used 115132K, committed 115968K, reserved 1179648K
  class space    used 15752K, committed 16192K, reserved 1048576K
}
Event: 27.376 GC heap before
{Heap before GC invocations=47 (full 0):
 garbage-first heap   total 447488K, used 361154K [0x0000000080000000, 0x0000000100000000)
  region size 1024K, 239 young (244736K), 5 survivors (5120K)
 Metaspace       used 123477K, committed 124352K, reserved 1179648K
  class space    used 16667K, committed 17088K, reserved 1048576K
}
Event: 27.401 GC heap after
{Heap after GC invocations=48 (full 0):
 garbage-first heap   total 447488K, used 135155K [0x0000000080000000, 0x0000000100000000)
  region size 1024K, 17 young (17408K), 17 survivors (17408K)
 Metaspace       used 123477K, committed 124352K, reserved 1179648K
  class space    used 16667K, committed 17088K, reserved 1048576K
}
Event: 109.690 GC heap before
{Heap before GC invocations=48 (full 0):
 garbage-first heap   total 447488K, used 357363K [0x0000000080000000, 0x0000000100000000)
  region size 1024K, 235 young (240640K), 17 survivors (17408K)
 Metaspace       used 124566K, committed 125568K, reserved 1179648K
  class space    used 16726K, committed 17216K, reserved 1048576K
}
Event: 109.776 GC heap after
{Heap after GC invocations=49 (full 0):
 garbage-first heap   total 447488K, used 140531K [0x0000000080000000, 0x0000000100000000)
  region size 1024K, 20 young (20480K), 20 survivors (20480K)
 Metaspace       used 124566K, committed 125568K, reserved 1179648K
  class space    used 16726K, committed 17216K, reserved 1048576K
}
Event: 126.749 GC heap before
{Heap before GC invocations=49 (full 0):
 garbage-first heap   total 447488K, used 360691K [0x0000000080000000, 0x0000000100000000)
  region size 1024K, 236 young (241664K), 20 survivors (20480K)
 Metaspace       used 125268K, committed 126272K, reserved 1179648K
  class space    used 16759K, committed 17280K, reserved 1048576K
}
Event: 126.791 GC heap after
{Heap after GC invocations=50 (full 0):
 garbage-first heap   total 447488K, used 137255K [0x0000000080000000, 0x0000000100000000)
  region size 1024K, 10 young (10240K), 10 survivors (10240K)
 Metaspace       used 125268K, committed 126272K, reserved 1179648K
  class space    used 16759K, committed 17280K, reserved 1048576K
}
Event: 129.264 GC heap before
{Heap before GC invocations=50 (full 0):
 garbage-first heap   total 447488K, used 367655K [0x0000000080000000, 0x0000000100000000)
  region size 1024K, 202 young (206848K), 10 survivors (10240K)
 Metaspace       used 130216K, committed 131200K, reserved 1179648K
  class space    used 17295K, committed 17792K, reserved 1048576K
}
Event: 129.310 GC heap after
{Heap after GC invocations=51 (full 0):
 garbage-first heap   total 447488K, used 188643K [0x0000000080000000, 0x0000000100000000)
  region size 1024K, 30 young (30720K), 30 survivors (30720K)
 Metaspace       used 130216K, committed 131200K, reserved 1179648K
  class space    used 17295K, committed 17792K, reserved 1048576K
}
Event: 129.756 GC heap before
{Heap before GC invocations=51 (full 0):
 garbage-first heap   total 447488K, used 349411K [0x0000000080000000, 0x0000000100000000)
  region size 1024K, 178 young (182272K), 30 survivors (30720K)
 Metaspace       used 133815K, committed 134848K, reserved 1179648K
  class space    used 17642K, committed 18112K, reserved 1048576K
}
Event: 129.789 GC heap after
{Heap after GC invocations=52 (full 0):
 garbage-first heap   total 447488K, used 206649K [0x0000000080000000, 0x0000000100000000)
  region size 1024K, 17 young (17408K), 17 survivors (17408K)
 Metaspace       used 133815K, committed 134848K, reserved 1179648K
  class space    used 17642K, committed 18112K, reserved 1048576K
}
Event: 131.206 GC heap before
{Heap before GC invocations=52 (full 0):
 garbage-first heap   total 447488K, used 344889K [0x0000000080000000, 0x0000000100000000)
  region size 1024K, 153 young (156672K), 17 survivors (17408K)
 Metaspace       used 139075K, committed 140288K, reserved 1179648K
  class space    used 18213K, committed 18816K, reserved 1048576K
}
Event: 131.215 GC heap after
{Heap after GC invocations=53 (full 0):
 garbage-first heap   total 447488K, used 200704K [0x0000000080000000, 0x0000000100000000)
  region size 1024K, 6 young (6144K), 6 survivors (6144K)
 Metaspace       used 139075K, committed 140288K, reserved 1179648K
  class space    used 18213K, committed 18816K, reserved 1048576K
}
Event: 132.594 GC heap before
{Heap before GC invocations=53 (full 0):
 garbage-first heap   total 447488K, used 323584K [0x0000000080000000, 0x0000000100000000)
  region size 1024K, 104 young (106496K), 6 survivors (6144K)
 Metaspace       used 143850K, committed 145088K, reserved 1179648K
  class space    used 18901K, committed 19520K, reserved 1048576K
}
Event: 132.606 GC heap after
{Heap after GC invocations=54 (full 0):
 garbage-first heap   total 447488K, used 235132K [0x0000000080000000, 0x0000000100000000)
  region size 1024K, 20 young (20480K), 20 survivors (20480K)
 Metaspace       used 143850K, committed 145088K, reserved 1179648K
  class space    used 18901K, committed 19520K, reserved 1048576K
}
Event: 133.178 GC heap before
{Heap before GC invocations=54 (full 0):
 garbage-first heap   total 447488K, used 374396K [0x0000000080000000, 0x0000000100000000)
  region size 1024K, 137 young (140288K), 20 survivors (20480K)
 Metaspace       used 146878K, committed 148032K, reserved 1179648K
  class space    used 19554K, committed 20160K, reserved 1048576K
}
Event: 133.222 GC heap after
{Heap after GC invocations=55 (full 0):
 garbage-first heap   total 447488K, used 282909K [0x0000000080000000, 0x0000000100000000)
  region size 1024K, 18 young (18432K), 18 survivors (18432K)
 Metaspace       used 146878K, committed 148032K, reserved 1179648K
  class space    used 19554K, committed 20160K, reserved 1048576K
}
Event: 133.323 GC heap before
{Heap before GC invocations=55 (full 0):
 garbage-first heap   total 447488K, used 355613K [0x0000000080000000, 0x0000000100000000)
  region size 1024K, 90 young (92160K), 18 survivors (18432K)
 Metaspace       used 147013K, committed 148224K, reserved 1179648K
  class space    used 19557K, committed 20160K, reserved 1048576K
}
Event: 133.363 GC heap after
{Heap after GC invocations=56 (full 0):
 garbage-first heap   total 447488K, used 321346K [0x0000000080000000, 0x0000000100000000)
  region size 1024K, 12 young (12288K), 12 survivors (12288K)
 Metaspace       used 147013K, committed 148224K, reserved 1179648K
  class space    used 19557K, committed 20160K, reserved 1048576K
}

